{"level":"info","time":"2026-01-25T16:54:22.396Z","pid":8888,"hostname":"il-dev-win-lt-shahar-pot","event":"CACHE_INIT_ATTEMPT","redisUrl":"redis://localhost:6379","msg":"[GoogleMapsCache] Attempting Redis connection"}
{"level":"info","time":"2026-01-25T16:54:22.427Z","pid":8888,"hostname":"il-dev-win-lt-shahar-pot","event":"REDIS_INIT_ATTEMPT","redisUrl":"redis://localhost:6379","msg":"[Redis] Attempting connection to shared client"}
{"level":"info","time":"2026-01-25T16:54:22.985Z","pid":8888,"hostname":"il-dev-win-lt-shahar-pot","ttlSeconds":300,"cleanupIntervalMs":60000,"msg":"InMemoryRequestStore initialized"}
{"level":"info","time":"2026-01-25T16:54:22.988Z","pid":8888,"hostname":"il-dev-win-lt-shahar-pot","googleApiKey":{"exists":true,"len":39,"last4":"fpMo"},"googleMapsApiKey":{"exists":false,"len":0,"last4":"----"},"msg":"[BOOT] API key status"}
{"level":"info","time":"2026-01-25T16:54:23.013Z","pid":8888,"hostname":"il-dev-win-lt-shahar-pot","env":"development","originsCount":0,"originsSummary":"(none)","credentialsEnabled":true,"msg":"CORS: Initialized"}
{"level":"info","time":"2026-01-25T16:54:23.031Z","pid":8888,"hostname":"il-dev-win-lt-shahar-pot","redisUrl":"local","msg":"WebSocketManager: Redis backlog enabled"}
{"level":"info","time":"2026-01-25T16:54:23.033Z","pid":8888,"hostname":"il-dev-win-lt-shahar-pot","path":"/ws","originsCount":1,"originsSummary":"* (wildcard)","env":"config_local","redisEnabled":true,"hasStateStore":true,"msg":"WebSocketManager: Initialized"}
{"level":"info","time":"2026-01-25T16:54:23.050Z","pid":8888,"hostname":"il-dev-win-lt-shahar-pot","msg":"Server listening on http://localhost:3000"}
{"level":"warn","time":"2026-01-25T16:54:23.278Z","pid":8888,"hostname":"il-dev-win-lt-shahar-pot","ip":"::ffff:127.0.0.1","origin":"http://localhost:4200","msg":"WS: Rejected - no auth token"}
{"level":"info","time":"2026-01-25T16:54:23.287Z","pid":8888,"hostname":"il-dev-win-lt-shahar-pot","msg":"[Redis] Client ready"}
{"level":"info","time":"2026-01-25T16:54:23.293Z","pid":8888,"hostname":"il-dev-win-lt-shahar-pot","event":"REDIS_CONNECTED","redisUrl":"redis://localhost:6379","msg":"[Redis] ✓ Shared client connected successfully"}
{"level":"info","time":"2026-01-25T16:54:23.295Z","pid":8888,"hostname":"il-dev-win-lt-shahar-pot","event":"CACHE_SERVICE_READY","hasRedis":true,"commandTimeout":500,"msg":"[GoogleMapsCache] ✓ Cache service active with shared Redis client"}
{"level":"warn","time":"2026-01-25T16:54:34.485Z","pid":8888,"hostname":"il-dev-win-lt-shahar-pot","ip":"::1","origin":"http://localhost:4200","msg":"WS: Rejected - no auth token"}
{"level":"warn","time":"2026-01-25T16:54:35.562Z","pid":8888,"hostname":"il-dev-win-lt-shahar-pot","ip":"::1","origin":"http://localhost:4200","msg":"WS: Rejected - no auth token"}
{"level":"info","time":"2026-01-25T16:54:37.025Z","pid":8888,"hostname":"il-dev-win-lt-shahar-pot","traceId":"fcc71d1e-da36-4fa8-aa28-69ebfeb88fb0","method":"OPTIONS","path":"/api/v1/search","queryKeys":["mode"],"msg":"HTTP request"}
{"level":"info","time":"2026-01-25T16:54:37.039Z","pid":8888,"hostname":"il-dev-win-lt-shahar-pot","traceId":"fcc71d1e-da36-4fa8-aa28-69ebfeb88fb0","method":"OPTIONS","path":"/api/v1/search","statusCode":204,"durationMs":15,"msg":"HTTP response"}
{"level":"info","time":"2026-01-25T16:54:37.068Z","pid":8888,"hostname":"il-dev-win-lt-shahar-pot","traceId":"404a2f03-ba7e-485f-960c-948ae0c4c33c","method":"POST","path":"/api/v1/search","queryKeys":["mode"],"msg":"HTTP request"}
{"level":"warn","time":"2026-01-25T16:54:37.081Z","pid":8888,"hostname":"il-dev-win-lt-shahar-pot","traceId":"404a2f03-ba7e-485f-960c-948ae0c4c33c","path":"/","error":"invalid signature","msg":"[Auth] JWT verification failed"}
{"level":"warn","time":"2026-01-25T16:54:37.083Z","pid":8888,"hostname":"il-dev-win-lt-shahar-pot","traceId":"404a2f03-ba7e-485f-960c-948ae0c4c33c","method":"POST","path":"/","statusCode":401,"durationMs":15,"msg":"HTTP response"}
{"level":"info","time":"2026-01-25T16:54:37.391Z","pid":8888,"hostname":"il-dev-win-lt-shahar-pot","traceId":"301b6e98-4ad8-46e4-bb38-6947bcd61f68","method":"POST","path":"/api/v1/search","queryKeys":["mode"],"msg":"HTTP request"}
{"level":"warn","time":"2026-01-25T16:54:37.394Z","pid":8888,"hostname":"il-dev-win-lt-shahar-pot","traceId":"301b6e98-4ad8-46e4-bb38-6947bcd61f68","path":"/","error":"invalid signature","msg":"[Auth] JWT verification failed"}
{"level":"warn","time":"2026-01-25T16:54:37.395Z","pid":8888,"hostname":"il-dev-win-lt-shahar-pot","traceId":"301b6e98-4ad8-46e4-bb38-6947bcd61f68","method":"POST","path":"/","statusCode":401,"durationMs":4,"msg":"HTTP response"}
{"level":"warn","time":"2026-01-25T16:54:37.579Z","pid":8888,"hostname":"il-dev-win-lt-shahar-pot","ip":"::1","origin":"http://localhost:4200","msg":"WS: Rejected - no auth token"}
{"level":"warn","time":"2026-01-25T16:54:41.604Z","pid":8888,"hostname":"il-dev-win-lt-shahar-pot","ip":"::1","origin":"http://localhost:4200","msg":"WS: Rejected - no auth token"}
{"level":"warn","time":"2026-01-25T16:54:47.331Z","pid":8888,"hostname":"il-dev-win-lt-shahar-pot","ip":"::1","origin":"http://localhost:4200","msg":"WS: Rejected - no auth token"}
{"level":"warn","time":"2026-01-25T16:54:49.629Z","pid":8888,"hostname":"il-dev-win-lt-shahar-pot","ip":"::1","origin":"http://localhost:4200","msg":"WS: Rejected - no auth token"}
{"level":"warn","time":"2026-01-25T16:55:05.897Z","pid":8888,"hostname":"il-dev-win-lt-shahar-pot","ip":"::1","origin":"http://localhost:4200","msg":"WS: Rejected - no auth token"}
{"level":"info","time":"2026-01-25T16:55:15.628Z","pid":8888,"hostname":"il-dev-win-lt-shahar-pot","traceId":"a23c0e0a-1476-4b39-b75e-20e4a07e45d8","method":"GET","path":"/healthz","msg":"HTTP request"}
{"level":"info","time":"2026-01-25T16:55:15.631Z","pid":8888,"hostname":"il-dev-win-lt-shahar-pot","traceId":"a23c0e0a-1476-4b39-b75e-20e4a07e45d8","method":"GET","path":"/healthz","statusCode":200,"durationMs":3,"msg":"HTTP response"}
{"level":"warn","time":"2026-01-25T16:55:17.894Z","pid":8888,"hostname":"il-dev-win-lt-shahar-pot","ip":"::1","origin":"http://localhost:4200","msg":"WS: Rejected - no auth token"}
{"level":"warn","time":"2026-01-25T16:55:36.907Z","pid":8888,"hostname":"il-dev-win-lt-shahar-pot","ip":"::1","origin":"http://localhost:4200","msg":"WS: Rejected - no auth token"}
{"level":"warn","time":"2026-01-25T16:55:48.670Z","pid":8888,"hostname":"il-dev-win-lt-shahar-pot","ip":"::1","origin":"http://localhost:4200","msg":"WS: Rejected - no auth token"}
{"level":"warn","time":"2026-01-25T16:56:04.551Z","pid":8888,"hostname":"il-dev-win-lt-shahar-pot","ip":"::1","msg":"WS: Rejected - no auth token"}
{"level":"warn","time":"2026-01-25T16:56:07.903Z","pid":8888,"hostname":"il-dev-win-lt-shahar-pot","ip":"::1","origin":"http://localhost:4200","msg":"WS: Rejected - no auth token"}
{"level":"warn","time":"2026-01-25T16:56:18.893Z","pid":8888,"hostname":"il-dev-win-lt-shahar-pot","ip":"::1","origin":"http://localhost:4200","msg":"WS: Rejected - no auth token"}
{"level":"warn","time":"2026-01-25T16:56:38.908Z","pid":8888,"hostname":"il-dev-win-lt-shahar-pot","ip":"::1","origin":"http://localhost:4200","msg":"WS: Rejected - no auth token"}
{"level":"warn","time":"2026-01-25T16:56:49.900Z","pid":8888,"hostname":"il-dev-win-lt-shahar-pot","ip":"::1","origin":"http://localhost:4200","msg":"WS: Rejected - no auth token"}
{"level":"warn","time":"2026-01-25T16:57:09.918Z","pid":8888,"hostname":"il-dev-win-lt-shahar-pot","ip":"::1","origin":"http://localhost:4200","msg":"WS: Rejected - no auth token"}
{"level":"warn","time":"2026-01-25T16:57:20.904Z","pid":8888,"hostname":"il-dev-win-lt-shahar-pot","ip":"::1","origin":"http://localhost:4200","msg":"WS: Rejected - no auth token"}
{"level":"warn","time":"2026-01-25T16:57:40.901Z","pid":8888,"hostname":"il-dev-win-lt-shahar-pot","ip":"::1","origin":"http://localhost:4200","msg":"WS: Rejected - no auth token"}
{"level":"warn","time":"2026-01-25T16:57:51.904Z","pid":8888,"hostname":"il-dev-win-lt-shahar-pot","ip":"::1","origin":"http://localhost:4200","msg":"WS: Rejected - no auth token"}
{"level":"warn","time":"2026-01-25T16:58:11.890Z","pid":8888,"hostname":"il-dev-win-lt-shahar-pot","ip":"::1","origin":"http://localhost:4200","msg":"WS: Rejected - no auth token"}
{"level":"warn","time":"2026-01-25T16:58:22.897Z","pid":8888,"hostname":"il-dev-win-lt-shahar-pot","ip":"::1","origin":"http://localhost:4200","msg":"WS: Rejected - no auth token"}
{"level":"warn","time":"2026-01-25T16:58:42.899Z","pid":8888,"hostname":"il-dev-win-lt-shahar-pot","ip":"::1","origin":"http://localhost:4200","msg":"WS: Rejected - no auth token"}
{"level":"warn","time":"2026-01-25T16:58:53.894Z","pid":8888,"hostname":"il-dev-win-lt-shahar-pot","ip":"::1","origin":"http://localhost:4200","msg":"WS: Rejected - no auth token"}
{"level":"warn","time":"2026-01-25T16:59:13.921Z","pid":8888,"hostname":"il-dev-win-lt-shahar-pot","ip":"::1","origin":"http://localhost:4200","msg":"WS: Rejected - no auth token"}
{"level":"warn","time":"2026-01-25T16:59:24.893Z","pid":8888,"hostname":"il-dev-win-lt-shahar-pot","ip":"::1","origin":"http://localhost:4200","msg":"WS: Rejected - no auth token"}
{"level":"warn","time":"2026-01-25T16:59:44.906Z","pid":8888,"hostname":"il-dev-win-lt-shahar-pot","ip":"::1","origin":"http://localhost:4200","msg":"WS: Rejected - no auth token"}
{"level":"warn","time":"2026-01-25T16:59:55.898Z","pid":8888,"hostname":"il-dev-win-lt-shahar-pot","ip":"::1","origin":"http://localhost:4200","msg":"WS: Rejected - no auth token"}
{"level":"warn","time":"2026-01-25T17:00:15.893Z","pid":8888,"hostname":"il-dev-win-lt-shahar-pot","ip":"::1","origin":"http://localhost:4200","msg":"WS: Rejected - no auth token"}
{"level":"warn","time":"2026-01-25T17:00:26.889Z","pid":8888,"hostname":"il-dev-win-lt-shahar-pot","ip":"::1","origin":"http://localhost:4200","msg":"WS: Rejected - no auth token"}
{"level":"warn","time":"2026-01-25T17:00:43.124Z","pid":8888,"hostname":"il-dev-win-lt-shahar-pot","ip":"::1","origin":"http://localhost:4200","msg":"WS: Rejected - no auth token"}
{"level":"warn","time":"2026-01-25T17:00:44.294Z","pid":8888,"hostname":"il-dev-win-lt-shahar-pot","ip":"::1","origin":"http://localhost:4200","msg":"WS: Rejected - no auth token"}
{"level":"warn","time":"2026-01-25T17:00:46.337Z","pid":8888,"hostname":"il-dev-win-lt-shahar-pot","ip":"::1","origin":"http://localhost:4200","msg":"WS: Rejected - no auth token"}
{"level":"warn","time":"2026-01-25T17:00:47.999Z","pid":8888,"hostname":"il-dev-win-lt-shahar-pot","ip":"::1","origin":"http://localhost:4200","msg":"WS: Rejected - no auth token"}
{"level":"warn","time":"2026-01-25T17:00:50.378Z","pid":8888,"hostname":"il-dev-win-lt-shahar-pot","ip":"::1","origin":"http://localhost:4200","msg":"WS: Rejected - no auth token"}
{"level":"warn","time":"2026-01-25T17:00:50.865Z","pid":8888,"hostname":"il-dev-win-lt-shahar-pot","ip":"::1","origin":"http://localhost:4200","msg":"WS: Rejected - no auth token"}
{"level":"warn","time":"2026-01-25T17:00:53.899Z","pid":8888,"hostname":"il-dev-win-lt-shahar-pot","ip":"::1","origin":"http://localhost:4200","msg":"WS: Rejected - no auth token"}
{"level":"info","time":"2026-01-25T17:00:55.508Z","pid":8888,"hostname":"il-dev-win-lt-shahar-pot","msg":"Received SIGINT. Shutting down gracefully..."}
{"level":"info","time":"2026-01-25T17:01:04.499Z","pid":19160,"hostname":"il-dev-win-lt-shahar-pot","event":"CACHE_INIT_ATTEMPT","redisUrl":"redis://localhost:6379","msg":"[GoogleMapsCache] Attempting Redis connection"}
{"level":"info","time":"2026-01-25T17:01:04.508Z","pid":19160,"hostname":"il-dev-win-lt-shahar-pot","event":"REDIS_INIT_ATTEMPT","redisUrl":"redis://localhost:6379","msg":"[Redis] Attempting connection to shared client"}
{"level":"info","time":"2026-01-25T17:01:04.704Z","pid":19160,"hostname":"il-dev-win-lt-shahar-pot","ttlSeconds":300,"cleanupIntervalMs":60000,"msg":"InMemoryRequestStore initialized"}
{"level":"info","time":"2026-01-25T17:01:04.705Z","pid":19160,"hostname":"il-dev-win-lt-shahar-pot","googleApiKey":{"exists":true,"len":39,"last4":"fpMo"},"googleMapsApiKey":{"exists":false,"len":0,"last4":"----"},"msg":"[BOOT] API key status"}
{"level":"info","time":"2026-01-25T17:01:04.716Z","pid":19160,"hostname":"il-dev-win-lt-shahar-pot","env":"development","originsCount":0,"originsSummary":"(none)","credentialsEnabled":true,"msg":"CORS: Initialized"}
{"level":"info","time":"2026-01-25T17:01:04.726Z","pid":19160,"hostname":"il-dev-win-lt-shahar-pot","redisUrl":"local","msg":"WebSocketManager: Redis backlog enabled"}
{"level":"info","time":"2026-01-25T17:01:04.727Z","pid":19160,"hostname":"il-dev-win-lt-shahar-pot","path":"/ws","originsCount":1,"originsSummary":"* (wildcard)","env":"config_local","redisEnabled":true,"hasStateStore":true,"msg":"WebSocketManager: Initialized"}
{"level":"info","time":"2026-01-25T17:01:04.734Z","pid":19160,"hostname":"il-dev-win-lt-shahar-pot","msg":"Server listening on http://localhost:3000"}
{"level":"info","time":"2026-01-25T17:01:04.774Z","pid":19160,"hostname":"il-dev-win-lt-shahar-pot","msg":"[Redis] Client ready"}
{"level":"info","time":"2026-01-25T17:01:04.777Z","pid":19160,"hostname":"il-dev-win-lt-shahar-pot","event":"REDIS_CONNECTED","redisUrl":"redis://localhost:6379","msg":"[Redis] ✓ Shared client connected successfully"}
{"level":"info","time":"2026-01-25T17:01:04.779Z","pid":19160,"hostname":"il-dev-win-lt-shahar-pot","event":"CACHE_SERVICE_READY","hasRedis":true,"commandTimeout":500,"msg":"[GoogleMapsCache] ✓ Cache service active with shared Redis client"}
{"level":"warn","time":"2026-01-25T17:01:10.140Z","pid":19160,"hostname":"il-dev-win-lt-shahar-pot","ip":"::1","origin":"http://localhost:4200","msg":"WS: Rejected - no auth token"}
